<?xml version="1.0" encoding="UTF-8"?>
<testng-results ignored="0" total="2" passed="2" failed="0" skipped="0">
  <reporter-output>
  </reporter-output>
  <suite started-at="2024-10-13T00:25:50 GST" name="Suite" finished-at="2024-10-13T00:25:54 GST" duration-ms="3700">
    <groups>
    </groups>
    <test started-at="2024-10-13T00:25:50 GST" name="Test" finished-at="2024-10-13T00:25:54 GST" duration-ms="3700">
      <class name="com.qa.requests.UserTest">
        <test-method signature="getTest()[pri:0, instance:com.qa.requests.UserTest@7d4f9aae]" started-at="2024-10-13T00:25:50 GST" name="getTest" finished-at="2024-10-13T00:25:53 GST" duration-ms="2474" status="PASS">
          <reporter-output>
          </reporter-output>
        </test-method> <!-- getTest -->
        <test-method signature="postTest()[pri:0, instance:com.qa.requests.UserTest@7d4f9aae]" started-at="2024-10-13T00:25:53 GST" name="postTest" finished-at="2024-10-13T00:25:54 GST" duration-ms="1140" status="PASS">
          <reporter-output>
          </reporter-output>
        </test-method> <!-- postTest -->
      </class> <!-- com.qa.requests.UserTest -->
    </test> <!-- Test -->
  </suite> <!-- Suite -->
</testng-results>
